<?xml version="1.0" encoding="UTF-8"?><testrun name="TestRunner (2)" project="BDD" tests="7" started="7" failures="0" errors="4" ignored="5">
  <testsuite name="com.demo.bdd.test.TestRunner" time="1.549">
    <testsuite name="Feature: Login Action" time="1.549">
      <testsuite name="Scenario: Successful Login with Valid Credentials" time="0.041" incomplete="true">
        <error>java.lang.IllegalStateException: The driver executable does not exist: C:\testautomation\AutomationDemo\src\main\java\com\demo\bdd\driver\chromedriver.exe&#13;
	at com.google.common.base.Preconditions.checkState(Preconditions.java:530)&#13;
	at org.openqa.selenium.remote.service.DriverService.checkExecutable(DriverService.java:136)&#13;
	at org.openqa.selenium.remote.service.DriverService.findExecutable(DriverService.java:131)&#13;
	at org.openqa.selenium.chrome.ChromeDriverService.access$000(ChromeDriverService.java:32)&#13;
	at org.openqa.selenium.chrome.ChromeDriverService$Builder.findDefaultExecutable(ChromeDriverService.java:137)&#13;
	at org.openqa.selenium.remote.service.DriverService$Builder.build(DriverService.java:329)&#13;
	at org.openqa.selenium.chrome.ChromeDriverService.createDefaultService(ChromeDriverService.java:88)&#13;
	at org.openqa.selenium.chrome.ChromeDriver.&lt;init&gt;(ChromeDriver.java:124)&#13;
	at com.demo.pageObject.Login.user_is_on_Home_Page(Login.java:19)&#13;
	at com.demo.bdd.stepdefinitions.Login_Steps.user_is_on_Home_Page(Login_Steps.java:16)&#13;
	at ✽.Given User is on Home Page(LogIn_Test.feature:4)&#13;
&#13;
</error>
        <testcase name="Given User is on Home Page" classname="Scenario: Successful Login with Valid Credentials" time="0.038">
          <error>java.lang.IllegalStateException: The driver executable does not exist: C:\testautomation\AutomationDemo\src\main\java\com\demo\bdd\driver\chromedriver.exe&#13;
	at com.google.common.base.Preconditions.checkState(Preconditions.java:530)&#13;
	at org.openqa.selenium.remote.service.DriverService.checkExecutable(DriverService.java:136)&#13;
	at org.openqa.selenium.remote.service.DriverService.findExecutable(DriverService.java:131)&#13;
	at org.openqa.selenium.chrome.ChromeDriverService.access$000(ChromeDriverService.java:32)&#13;
	at org.openqa.selenium.chrome.ChromeDriverService$Builder.findDefaultExecutable(ChromeDriverService.java:137)&#13;
	at org.openqa.selenium.remote.service.DriverService$Builder.build(DriverService.java:329)&#13;
	at org.openqa.selenium.chrome.ChromeDriverService.createDefaultService(ChromeDriverService.java:88)&#13;
	at org.openqa.selenium.chrome.ChromeDriver.&lt;init&gt;(ChromeDriver.java:124)&#13;
	at com.demo.pageObject.Login.user_is_on_Home_Page(Login.java:19)&#13;
	at com.demo.bdd.stepdefinitions.Login_Steps.user_is_on_Home_Page(Login_Steps.java:16)&#13;
	at ✽.Given User is on Home Page(LogIn_Test.feature:4)&#13;
&#13;
</error>
        </testcase>
        <testcase name="When User Navigate to LogIn Page" classname="Scenario: Successful Login with Valid Credentials" time="0.005" ignored="true"/>
        <testcase name="And User enters &lt;UserName&gt; and &lt;Password&gt;" classname="Scenario: Successful Login with Valid Credentials" time="0.011" ignored="true"/>
        <testcase name="Then Message displayed Login Successfully" classname="Scenario: Successful Login with Valid Credentials" time="0.002" ignored="true"/>
      </testsuite>
      <testsuite name="Scenario: Successful LogOut" time="0.002" incomplete="true">
        <error>java.lang.NullPointerException&#13;
	at com.demo.pageObject.Login.user_LogOut_from_the_Application(Login.java:41)&#13;
	at com.demo.bdd.stepdefinitions.Login_Steps.user_LogOut_from_the_Application(Login_Steps.java:32)&#13;
	at ✽.When User LogOut from the Application(LogIn_Test.feature:11)&#13;
&#13;
</error>
        <testcase name="When User LogOut from the Application" classname="Scenario: Successful LogOut" time="0.001">
          <error>java.lang.NullPointerException&#13;
	at com.demo.pageObject.Login.user_LogOut_from_the_Application(Login.java:41)&#13;
	at com.demo.bdd.stepdefinitions.Login_Steps.user_LogOut_from_the_Application(Login_Steps.java:32)&#13;
	at ✽.When User LogOut from the Application(LogIn_Test.feature:11)&#13;
&#13;
</error>
        </testcase>
        <testcase name="Then Message displayed LogOut Successfully" classname="Scenario: Successful LogOut" time="0.006" ignored="true"/>
        <testcase name="And close the browser" classname="Scenario: Successful LogOut" time="1.348" ignored="true"/>
      </testsuite>
    </testsuite>
  </testsuite>
</testrun>
